[    0.000000] Linux version 4.15.0-212-generic (buildd@lcy02-amd64-083) (gcc version 7.5.0 (Ubuntu 7.5.0-3ubuntu1~18.04)) #223-Ubuntu SMP Tue May 23 13:09:22 UTC 2023 (Ubuntu 4.15.0-212.223-generic 4.15.18)
[    0.000000] Command line: BOOT_IMAGE=/boot/vmlinuz-4.15.0-212-generic root=LABEL=cloudimg-rootfs ro console=tty1 console=ttyS0
[    0.000000] KERNEL supported cpus:
[    0.000000]   Intel GenuineIntel
[    0.000000]   AMD AuthenticAMD
[    0.000000]   Centaur CentaurHauls
[    0.000000] [Firmware Bug]: TSC doesn't count with P0 frequency!
[    0.000000] x86/fpu: Supporting XSAVE feature 0x001: 'x87 floating point registers'
[    0.000000] x86/fpu: Supporting XSAVE feature 0x002: 'SSE registers'
[    0.000000] x86/fpu: Supporting XSAVE feature 0x004: 'AVX registers'
[    0.000000] x86/fpu: xstate_offset[2]:  576, xstate_sizes[2]:  256
[    0.000000] x86/fpu: Enabled xstate features 0x7, context size is 832 bytes, using 'standard' format.
[    0.000000] e820: BIOS-provided physical RAM map:
[    0.000000] BIOS-e820: [mem 0x0000000000000000-0x000000000009fbff] usable
[    0.000000] BIOS-e820: [mem 0x000000000009fc00-0x000000000009ffff] reserved
[    0.000000] BIOS-e820: [mem 0x00000000000f0000-0x00000000000fffff] reserved
[    0.000000] BIOS-e820: [mem 0x0000000000100000-0x000000003ffeffff] usable
[    0.000000] BIOS-e820: [mem 0x000000003fff0000-0x000000003fffffff] ACPI data
[    0.000000] BIOS-e820: [mem 0x00000000fec00000-0x00000000fec00fff] reserved
[    0.000000] BIOS-e820: [mem 0x00000000fee00000-0x00000000fee00fff] reserved
[    0.000000] BIOS-e820: [mem 0x00000000fffc0000-0x00000000ffffffff] reserved
[    0.000000] NX (Execute Disable) protection: active
[    0.000000] SMBIOS 2.5 present.
[    0.000000] DMI: innotek GmbH VirtualBox/VirtualBox, BIOS VirtualBox 12/01/2006
[    0.000000] Hypervisor detected: KVM
[    0.000000] AGP: No AGP bridge found
[    0.000000] e820: last_pfn = 0x3fff0 max_arch_pfn = 0x400000000
[    0.000000] MTRR: Disabled
[    0.000000] x86/PAT: MTRRs disabled, skipping PAT initialization too.
[    0.000000] CPU MTRRs all blank - virtualized system.
[    0.000000] x86/PAT: Configuration [0-7]: WB  WT  UC- UC  WB  WT  UC- UC  
[    0.000000] found SMP MP-table at [mem 0x0009fff0-0x0009ffff]
[    0.000000] Scanning 1 areas for low memory corruption
[    0.000000] RAMDISK: [mem 0x359cb000-0x36cdcfff]
[    0.000000] ACPI: Early table checksum verification disabled
[    0.000000] ACPI: RSDP 0x00000000000E0000 000024 (v02 VBOX  )
[    0.000000] ACPI: XSDT 0x000000003FFF0030 00003C (v01 VBOX   VBOXXSDT 00000001 ASL  00000061)
[    0.000000] ACPI: FACP 0x000000003FFF00F0 0000F4 (v04 VBOX   VBOXFACP 00000001 ASL  00000061)
[    0.000000] ACPI: DSDT 0x000000003FFF0610 002353 (v02 VBOX   VBOXBIOS 00000002 INTL 20100528)
[    0.000000] ACPI: FACS 0x000000003FFF0200 000040
[    0.000000] ACPI: FACS 0x000000003FFF0200 000040
[    0.000000] ACPI: APIC 0x000000003FFF0240 00005C (v02 VBOX   VBOXAPIC 00000001 ASL  00000061)
[    0.000000] ACPI: SSDT 0x000000003FFF02A0 00036C (v01 VBOX   VBOXCPUT 00000002 INTL 20100528)
[    0.000000] ACPI: Reserving FACP table memory at [mem 0x3fff00f0-0x3fff01e3]
[    0.000000] ACPI: Reserving DSDT table memory at [mem 0x3fff0610-0x3fff2962]
[    0.000000] ACPI: Reserving FACS table memory at [mem 0x3fff0200-0x3fff023f]
[    0.000000] ACPI: Reserving FACS table memory at [mem 0x3fff0200-0x3fff023f]
[    0.000000] ACPI: Reserving APIC table memory at [mem 0x3fff0240-0x3fff029b]
[    0.000000] ACPI: Reserving SSDT table memory at [mem 0x3fff02a0-0x3fff060b]
[    0.000000] No NUMA configuration found
[    0.000000] Faking a node at [mem 0x0000000000000000-0x000000003ffeffff]
[    0.000000] NODE_DATA(0) allocated [mem 0x3ffc5000-0x3ffeffff]
[    0.000000] kvm-clock: cpu 0, msr 0:3ff44001, primary cpu clock
[    0.000000] kvm-clock: Using msrs 4b564d01 and 4b564d00
[    0.000000] kvm-clock: using sched offset of 3371852632 cycles
[    0.000000] clocksource: kvm-clock: mask: 0xffffffffffffffff max_cycles: 0x1cd42e4dffb, max_idle_ns: 881590591483 ns
[    0.000000] Zone ranges:
[    0.000000]   DMA      [mem 0x0000000000001000-0x0000000000ffffff]
[    0.000000]   DMA32    [mem 0x0000000001000000-0x000000003ffeffff]
[    0.000000]   Normal   empty
[    0.000000]   Device   empty
[    0.000000] Movable zone start for each node
[    0.000000] Early memory node ranges
[    0.000000]   node   0: [mem 0x0000000000001000-0x000000000009efff]
[    0.000000]   node   0: [mem 0x0000000000100000-0x000000003ffeffff]
[    0.000000] Reserved but unavailable: 104 pages
[    0.000000] Initmem setup node 0 [mem 0x0000000000001000-0x000000003ffeffff]
[    0.000000] ACPI: PM-Timer IO Port: 0x4008
[    0.000000] IOAPIC[0]: apic_id 2, version 32, address 0xfec00000, GSI 0-23
[    0.000000] ACPI: INT_SRC_OVR (bus 0 bus_irq 0 global_irq 2 dfl dfl)
[    0.000000] ACPI: INT_SRC_OVR (bus 0 bus_irq 9 global_irq 9 low level)
[    0.000000] Using ACPI (MADT) for SMP configuration information
[    0.000000] smpboot: Allowing 2 CPUs, 0 hotplug CPUs
[    0.000000] PM: Registered nosave memory: [mem 0x00000000-0x00000fff]
[    0.000000] PM: Registered nosave memory: [mem 0x0009f000-0x0009ffff]
[    0.000000] PM: Registered nosave memory: [mem 0x000a0000-0x000effff]
[    0.000000] PM: Registered nosave memory: [mem 0x000f0000-0x000fffff]
[    0.000000] e820: [mem 0x40000000-0xfebfffff] available for PCI devices
[    0.000000] Booting paravirtualized kernel on KVM
[    0.000000] clocksource: refined-jiffies: mask: 0xffffffff max_cycles: 0xffffffff, max_idle_ns: 7645519600211568 ns
[    0.000000] setup_percpu: NR_CPUS:8192 nr_cpumask_bits:2 nr_cpu_ids:2 nr_node_ids:1
[    0.000000] percpu: Embedded 50 pages/cpu s167936 r8192 d28672 u1048576
[    0.000000] PV qspinlock hash table entries: 256 (order: 0, 4096 bytes)
[    0.000000] Built 1 zonelists, mobility grouping on.  Total pages: 257913
[    0.000000] Policy zone: DMA32
[    0.000000] Kernel command line: BOOT_IMAGE=/boot/vmlinuz-4.15.0-212-generic root=LABEL=cloudimg-rootfs ro console=tty1 console=ttyS0
[    0.000000] AGP: Checking aperture...
[    0.000000] AGP: No AGP bridge found
[    0.000000] Memory: 982644K/1048120K available (12300K kernel code, 2477K rwdata, 4324K rodata, 2480K init, 2720K bss, 65476K reserved, 0K cma-reserved)
[    0.000000] SLUB: HWalign=64, Order=0-3, MinObjects=0, CPUs=2, Nodes=1
[    0.000000] ftrace: allocating 39508 entries in 155 pages
[    0.004000] Hierarchical RCU implementation.
[    0.004000] 	RCU restricting CPUs from NR_CPUS=8192 to nr_cpu_ids=2.
[    0.004000] 	Tasks RCU enabled.
[    0.004000] RCU: Adjusting geometry for rcu_fanout_leaf=16, nr_cpu_ids=2
[    0.004000] NR_IRQS: 524544, nr_irqs: 440, preallocated irqs: 16
[    0.004000] Console: colour VGA+ 80x25
[    0.004000] console [tty1] enabled
[    0.004000] console [ttyS0] enabled
[    0.004000] ACPI: Core revision 20170831
[    0.004000] ACPI: 2 ACPI AML tables successfully acquired and loaded
[    0.004000] APIC: Switch to symmetric I/O mode setup
[    0.004000] x2apic enabled
[    0.004000] Switched APIC routing to physical x2apic.
[    0.004000] ..TIMER: vector=0x30 apic1=0 pin1=2 apic2=-1 pin2=-1
[    0.004000] tsc: Detected 3891.406 MHz processor
[    0.004000] Calibrating delay loop (skipped) preset value.. 7782.81 BogoMIPS (lpj=15565624)
[    0.004006] pid_max: default: 32768 minimum: 301
[    0.005263] Security Framework initialized
[    0.006232] Yama: becoming mindful.
[    0.008033] AppArmor: AppArmor initialized
[    0.010644] Dentry cache hash table entries: 131072 (order: 8, 1048576 bytes)
[    0.012117] Inode-cache hash table entries: 65536 (order: 7, 524288 bytes)
[    0.013736] Mount-cache hash table entries: 2048 (order: 2, 16384 bytes)
[    0.015221] Mountpoint-cache hash table entries: 2048 (order: 2, 16384 bytes)
[    0.016345] Last level iTLB entries: 4KB 512, 2MB 1024, 4MB 512
[    0.017736] Last level dTLB entries: 4KB 1024, 2MB 1024, 4MB 512, 1GB 0
[    0.020003] Spectre V1 : Mitigation: usercopy/swapgs barriers and __user pointer sanitization
[    0.021983] Spectre V2 : Mitigation: Retpolines
[    0.023188] Spectre V2 : Spectre v2 / SpectreRSB mitigation: Filling RSB on context switch
[    0.024002] Spectre V2 : Spectre v2 / SpectreRSB : Filling RSB on VMEXIT
[    0.025529] RETBleed: Vulnerable
[    0.028210] Freeing SMP alternatives memory: 36K
[    0.141452] smpboot: CPU0: AMD FX(tm)-6350 Six-Core Processor (family: 0x15, model: 0x2, stepping: 0x0)
[    0.143778] Performance Events: PMU not available due to virtualization, using software events only.
[    0.144057] Hierarchical SRCU implementation.
[    0.145734] NMI watchdog: Perf event create on CPU 0 failed with -2
[    0.147149] NMI watchdog: Perf NMI watchdog permanently disabled
[    0.148097] smp: Bringing up secondary CPUs ...
[    0.149361] x86: Booting SMP configuration:
[    0.150686] .... node  #0, CPUs:      #1
[    0.004000] kvm-clock: cpu 1, msr 0:3ff44041, secondary cpu clock
[    0.156047] smp: Brought up 1 node, 2 CPUs
[    0.156955] smpboot: Max logical packages: 1
[    0.157946] smpboot: Total of 2 processors activated (15565.62 BogoMIPS)
[    0.160152] devtmpfs: initialized
[    0.160152] x86/mm: Memory block size: 128MB
[    0.161295] evm: security.selinux
[    0.162140] evm: security.SMACK64
[    0.162979] evm: security.SMACK64EXEC
[    0.164002] evm: security.SMACK64TRANSMUTE
[    0.164968] evm: security.SMACK64MMAP
[    0.165875] evm: security.apparmor
[    0.166685] evm: security.ima
[    0.167484] evm: security.capability
[    0.168108] clocksource: jiffies: mask: 0xffffffff max_cycles: 0xffffffff, max_idle_ns: 7645041785100000 ns
[    0.170305] futex hash table entries: 512 (order: 3, 32768 bytes)
[    0.173188] pinctrl core: initialized pinctrl subsystem
[    0.174570] RTC time: 17:26:50, date: 01/06/24
[    0.176260] NET: Registered protocol family 16
[    0.177479] audit: initializing netlink subsys (disabled)
[    0.178725] audit: type=2000 audit(1704562015.120:1): state=initialized audit_enabled=0 res=1
[    0.180014] cpuidle: using governor ladder
[    0.180992] cpuidle: using governor menu
[    0.184053] ACPI: bus type PCI registered
[    0.185016] acpiphp: ACPI Hot Plug PCI Controller Driver version: 0.5
[    0.186739] PCI: Using configuration type 1 for base access
[    0.188009] PCI: Using configuration type 1 for extended access
[    0.189488] HugeTLB registered 2.00 MiB page size, pre-allocated 0 pages
[    0.192100] ACPI: Added _OSI(Module Device)
[    0.193126] ACPI: Added _OSI(Processor Device)
[    0.194167] ACPI: Added _OSI(3.0 _SCP Extensions)
[    0.195283] ACPI: Added _OSI(Processor Aggregator Device)
[    0.196004] ACPI: Added _OSI(Linux-Dell-Video)
[    0.197100] ACPI: Added _OSI(Linux-Lenovo-NV-HDMI-Audio)
[    0.198420] ACPI: Added _OSI(Linux-HPI-Hybrid-Graphics)
[    0.200350] ACPI: Executed 1 blocks of module-level executable AML code
[    0.207335] ACPI: Interpreter enabled
[    0.208016] ACPI: (supports S0 S5)
[    0.208819] ACPI: Using IOAPIC for interrupt routing
[    0.210235] PCI: Using host bridge windows from ACPI; if necessary, use "pci=nocrs" and report a bug
[    0.212186] ACPI: Enabled 2 GPEs in block 00 to 07
[    0.221329] ACPI: PCI Root Bridge [PCI0] (domain 0000 [bus 00-ff])
[    0.222752] acpi PNP0A03:00: _OSC: OS supports [ExtendedConfig ASPM ClockPM Segments MSI]
[    0.225401] acpi PNP0A03:00: _OSC: platform does not support [PCIeCapability]
[    0.228931] acpi PNP0A03:00: _OSC: not requesting control; platform does not support [PCIeCapability]
[    0.232004] acpi PNP0A03:00: _OSC: OS requested [PCIeHotplug PME AER PCIeCapability]
[    0.236004] acpi PNP0A03:00: _OSC: platform willing to grant [PCIeHotplug PME AER]
[    0.240003] acpi PNP0A03:00: _OSC failed (AE_SUPPORT); disabling ASPM
[    0.242261] PCI host bridge to bus 0000:00
[    0.243335] pci_bus 0000:00: root bus resource [io  0x0000-0x0cf7 window]
[    0.244004] pci_bus 0000:00: root bus resource [io  0x0d00-0xffff window]
[    0.245747] pci_bus 0000:00: root bus resource [mem 0x000a0000-0x000bffff window]
[    0.248004] pci_bus 0000:00: root bus resource [mem 0x40000000-0xfdffffff window]
[    0.249700] pci_bus 0000:00: root bus resource [bus 00-ff]
[    0.254495] pci 0000:00:01.1: legacy IDE quirk: reg 0x10: [io  0x01f0-0x01f7]
[    0.256000] pci 0000:00:01.1: legacy IDE quirk: reg 0x14: [io  0x03f6]
[    0.256008] pci 0000:00:01.1: legacy IDE quirk: reg 0x18: [io  0x0170-0x0177]
[    0.260003] pci 0000:00:01.1: legacy IDE quirk: reg 0x1c: [io  0x0376]
[    0.282885] pci 0000:00:07.0: quirk: [io  0x4000-0x403f] claimed by PIIX4 ACPI
[    0.284019] pci 0000:00:07.0: quirk: [io  0x4100-0x410f] claimed by PIIX4 SMB
[    0.300338] ACPI: PCI Interrupt Link [LNKA] (IRQs 5 9 10 *11)
[    0.302104] ACPI: PCI Interrupt Link [LNKB] (IRQs 5 9 *10 11)
[    0.303574] ACPI: PCI Interrupt Link [LNKC] (IRQs 5 *9 10 11)
[    0.304134] ACPI: PCI Interrupt Link [LNKD] (IRQs 5 9 10 *11)
[    0.306010] SCSI subsystem initialized
[    0.308073] pci 0000:00:02.0: vgaarb: setting as boot VGA device
[    0.309389] pci 0000:00:02.0: vgaarb: VGA device added: decodes=io+mem,owns=io+mem,locks=none
[    0.311281] pci 0000:00:02.0: vgaarb: bridge control possible
[    0.312003] vgaarb: loaded
[    0.312852] ACPI: bus type USB registered
[    0.313850] usbcore: registered new interface driver usbfs
[    0.315160] usbcore: registered new interface driver hub
[    0.316015] usbcore: registered new device driver usb
[    0.317223] EDAC MC: Ver: 3.0.0
[    0.320075] PCI: Using ACPI for IRQ routing
[    0.321451] NetLabel: Initializing
[    0.322254] NetLabel:  domain hash size = 128
[    0.323306] NetLabel:  protocols = UNLABELED CIPSOv4 CALIPSO
[    0.324025] NetLabel:  unlabeled traffic allowed by default
[    0.325367] clocksource: Switched to clocksource kvm-clock
[    0.345930] VFS: Disk quotas dquot_6.6.0
[    0.347059] VFS: Dquot-cache hash table entries: 512 (order 0, 4096 bytes)
[    0.348774] AppArmor: AppArmor Filesystem Enabled
[    0.349895] pnp: PnP ACPI init
[    0.352189] pnp: PnP ACPI: found 3 devices
[    0.362930] clocksource: acpi_pm: mask: 0xffffff max_cycles: 0xffffff, max_idle_ns: 2085701024 ns
[    0.365092] NET: Registered protocol family 2
[    0.366209] IP idents hash table entries: 16384 (order: 5, 131072 bytes)
[    0.369163] TCP established hash table entries: 8192 (order: 4, 65536 bytes)
[    0.370725] TCP bind hash table entries: 8192 (order: 5, 131072 bytes)
[    0.372217] TCP: Hash tables configured (established 8192 bind 8192)
[    0.373671] UDP hash table entries: 512 (order: 2, 16384 bytes)
[    0.374979] UDP-Lite hash table entries: 512 (order: 2, 16384 bytes)
[    0.376458] NET: Registered protocol family 1
[    0.377480] pci 0000:00:00.0: Limiting direct PCI/PCI transfers
[    0.378822] pci 0000:00:01.0: Activating ISA DMA hang workarounds
[    0.380210] pci 0000:00:02.0: Video device with shadowed ROM at [mem 0x000c0000-0x000dffff]
[    0.382212] Unpacking initramfs...
[    0.707452] Freeing initrd memory: 19528K
[    0.708766] clocksource: tsc: mask: 0xffffffffffffffff max_cycles: 0x702f48fe2d1, max_idle_ns: 881590611238 ns
[    0.711124] platform rtc_cmos: registered platform RTC device (no PNP device found)
[    0.713195] Scanning for low memory corruption every 60 seconds
[    0.715392] Initialise system trusted keyrings
[    0.716493] Key type blacklist registered
[    0.717544] workingset: timestamp_bits=36 max_order=18 bucket_order=0
[    0.720514] zbud: loaded
[    0.721813] squashfs: version 4.0 (2009/01/31) Phillip Lougher
[    0.723403] fuse init (API version 7.26)
[    0.728516] Key type asymmetric registered
[    0.729486] Asymmetric key parser 'x509' registered
[    0.730634] Block layer SCSI generic (bsg) driver version 0.4 loaded (major 246)
[    0.732441] io scheduler noop registered
[    0.733357] io scheduler deadline registered
[    0.734480] io scheduler cfq registered (default)
[    0.735937] ACPI: AC Adapter [AC] (on-line)
[    0.737010] input: Power Button as /devices/LNXSYSTM:00/LNXPWRBN:00/input/input0
[    0.738812] ACPI: Power Button [PWRF]
[    0.739765] input: Sleep Button as /devices/LNXSYSTM:00/LNXSLPBN:00/input/input1
[    0.741520] ACPI: Sleep Button [SLPF]
[    0.742765] Serial: 8250/16550 driver, 32 ports, IRQ sharing enabled
[    0.765135] 00:02: ttyS0 at I/O 0x3f8 (irq = 4, base_baud = 115200) is a 16550A
[    0.772413] Linux agpgart interface v0.103
[    0.777208] loop: module loaded
[    0.779034] scsi host0: ata_piix
[    0.780224] scsi host1: ata_piix
[    0.781336] ata1: PATA max UDMA/33 cmd 0x1f0 ctl 0x3f6 bmdma 0xd000 irq 14
[    0.783238] ata2: PATA max UDMA/33 cmd 0x170 ctl 0x376 bmdma 0xd008 irq 15
[    0.785663] tun: Universal TUN/TAP device driver, 1.6
[    0.787585] PPP generic driver version 2.4.2
[    0.788973] ehci_hcd: USB 2.0 'Enhanced' Host Controller (EHCI) Driver
[    0.791027] ehci-pci: EHCI PCI platform driver
[    0.792657] ehci-platform: EHCI generic platform driver
[    0.793945] ohci_hcd: USB 1.1 'Open' Host Controller (OHCI) Driver
[    0.795653] ohci-pci: OHCI PCI platform driver
[    0.797161] ohci-platform: OHCI generic platform driver
[    0.798747] uhci_hcd: USB Universal Host Controller Interface driver
[    0.800676] i8042: PNP: PS/2 Controller [PNP0303:PS2K,PNP0f03:PS2M] at 0x60,0x64 irq 1,12
[    0.803619] serio: i8042 KBD port at 0x60,0x64 irq 1
[    0.805182] serio: i8042 AUX port at 0x60,0x64 irq 12
[    0.807000] mousedev: PS/2 mouse device common for all mice
[    0.809026] input: AT Translated Set 2 keyboard as /devices/platform/i8042/serio0/input/input2
[    0.812209] rtc_cmos rtc_cmos: rtc core: registered rtc_cmos as rtc0
[    0.813951] rtc_cmos rtc_cmos: alarms up to one day, 114 bytes nvram
[    0.815840] i2c /dev entries driver
[    0.817194] device-mapper: uevent: version 1.0.3
[    0.818852] device-mapper: ioctl: 4.37.0-ioctl (2017-09-20) initialised: dm-devel@redhat.com
[    0.821002] ledtrig-cpu: registered to indicate activity on CPUs
[    0.822766] x86/pm: family 0x15 cpu detected, MSR saving is needed during suspending.
[    0.824828] NET: Registered protocol family 10
[    0.831115] Segment Routing with IPv6
[    0.832070] NET: Registered protocol family 17
[    0.833268] Key type dns_resolver registered
[    0.834962] mce: Using 0 MCE banks
[    0.835910] RAS: Correctable Errors collector initialized.
[    0.837365] sched_clock: Marking stable (837313801, 0)->(1080611450, -243297649)
[    0.839680] registered taskstats version 1
[    0.840711] Loading compiled-in X.509 certificates
[    0.844878] Loaded X.509 cert 'Build time autogenerated kernel key: b5b26778eaa3ab3a4a6cee031137706e947d12ad'
[    0.847923] Loaded X.509 cert 'Canonical Ltd. Live Patch Signing: 14df34d1a87cf37625abec039ef2bf521249b969'
[    0.850890] Loaded X.509 cert 'Canonical Ltd. Kernel Module Signing: 88f752e560a1e0737e31163a466ad7b70a850c19'
[    0.853438] blacklist: Loading compiled-in revocation X.509 certificates
[    0.855004] Loaded X.509 cert 'Canonical Ltd. Secure Boot Signing: 61482aa2830d0ab2ad5af10b7250da9033ddcef0'
[    0.857274] Loaded X.509 cert 'Canonical Ltd. Secure Boot Signing (2017): 242ade75ac4a15e50d50c84b0d45ff3eae707a03'
[    0.859620] Loaded X.509 cert 'Canonical Ltd. Secure Boot Signing (ESM 2018): 365188c1d374d6b07c3c8f240f8ef722433d6a8b'
[    0.862044] Loaded X.509 cert 'Canonical Ltd. Secure Boot Signing (2019): c0746fd6c5da3ae827864651ad66ae47fe24b3e8'
[    0.864420] Loaded X.509 cert 'Canonical Ltd. Secure Boot Signing (2021 v1): a8d54bbb3825cfb94fa13c9f8a594a195c107b8d'
[    0.866836] Loaded X.509 cert 'Canonical Ltd. Secure Boot Signing (2021 v2): 4cf046892d6fd3c9a5b03f98d845f90851dc6a8c'
[    0.869347] Loaded X.509 cert 'Canonical Ltd. Secure Boot Signing (2021 v3): 100437bb6de6e469b581e61cd66bce3ef4ed53af'
[    0.871764] Loaded X.509 cert 'Canonical Ltd. Secure Boot Signing (Ubuntu Core 2019): c1d57b8f6b743f23ee41f4f7ee292f06eecadfb9'
[    0.874527] zswap: loaded using pool lzo/zbud
[    0.880076] Key type big_key registered
[    0.881046] Key type trusted registered
[    0.883964] Key type encrypted registered
[    0.884977] AppArmor: AppArmor sha1 policy hashing enabled
[    0.886245] ima: No TPM chip found, activating TPM-bypass! (rc=-19)
[    0.887664] ima: Allocated hash algorithm: sha1
[    0.888933] evm: HMAC attrs: 0x1
[    0.890030]   Magic number: 8:596:440
[    0.890942] clockevents broadcast: hash matches
[    0.892160] rtc_cmos rtc_cmos: setting system clock to 2024-01-06 17:26:51 UTC (1704562011)
[    0.894316] BIOS EDD facility v0.16 2004-Jun-25, 0 devices found
[    0.895672] EDD information not available.
[    0.971751] Freeing unused kernel image memory: 2480K
[    0.988335] Write protecting the kernel read-only data: 20480k
[    0.990678] Freeing unused kernel image memory: 2008K
[    0.992583] Freeing unused kernel image memory: 1820K
[    1.002893] x86/mm: Checked W+X mappings: passed, no W+X pages found.
Loading, please wait...
starting version 237
[    1.082764] e1000: Intel(R) PRO/1000 Network Driver - version 7.3.21-k8-NAPI
[    1.084886] e1000: Copyright (c) 1999-2006 Intel Corporation.
[    1.095110] Fusion MPT base driver 3.04.20
[    1.096081] Copyright (c) 1999-2008 LSI Corporation
[    1.104095] Fusion MPT SPI Host driver 3.04.20
[    1.119891] AVX version of gcm_enc/dec engaged.
[    1.121077] AES CTR mode by8 optimization enabled
[    1.308289] input: ImExPS/2 Generic Explorer Mouse as /devices/platform/i8042/serio1/input/input4
[    1.730927] e1000 0000:00:03.0 eth0: (PCI:33MHz:32-bit) 02:3b:7b:b7:3b:2d
[    1.732706] e1000 0000:00:03.0 eth0: Intel(R) PRO/1000 Network Connection
[    1.736388] mptbase: ioc0: Initiating bringup
[    2.457129] ioc0: LSI53C1030 A0: Capabilities={Initiator}
[    4.459100] scsi host2: ioc0: LSI53C1030 A0, FwRev=00000000h, Ports=1, MaxQ=256, IRQ=20
[    4.632527] scsi 2:0:0:0: Direct-Access     VBOX     HARDDISK         1.0  PQ: 0 ANSI: 5
[    4.664333] scsi target2:0:0: Beginning Domain Validation
[    4.667080] scsi target2:0:0: Domain Validation skipping write tests
[    4.668636] scsi target2:0:0: Ending Domain Validation
[    4.669944] scsi target2:0:0: asynchronous
[    4.671514] scsi 2:0:1:0: Direct-Access     VBOX     HARDDISK         1.0  PQ: 0 ANSI: 5
[    5.004484] scsi target2:0:1: Beginning Domain Validation
[    5.007071] scsi target2:0:1: Domain Validation skipping write tests
[    5.008703] scsi target2:0:1: Ending Domain Validation
[    5.009983] scsi target2:0:1: asynchronous
[    5.015510] sd 2:0:0:0: Attached scsi generic sg0 type 0
[    5.017072] sd 2:0:0:0: [sda] 83886080 512-byte logical blocks: (42.9 GB/40.0 GiB)
[    5.017332] sd 2:0:1:0: [sdb] 20480 512-byte logical blocks: (10.5 MB/10.0 MiB)
[    5.019263] sd 2:0:1:0: Attached scsi generic sg1 type 0
[    5.020952] sd 2:0:0:0: [sda] Write Protect is off
[    5.023414] sd 2:0:1:0: [sdb] Write Protect is off
[    5.023505] sd 2:0:0:0: [sda] Incomplete mode parameter data
[    5.025994] sd 2:0:0:0: [sda] Assuming drive cache: write through
[    5.027588] sd 2:0:1:0: [sdb] Incomplete mode parameter data
[    5.028993] sd 2:0:1:0: [sdb] Assuming drive cache: write through
[    5.034546]  sda: sda1
[    5.038237] sd 2:0:0:0: [sda] Attached SCSI disk
[    5.039534] sd 2:0:1:0: [sdb] Attached SCSI disk
[    5.045439] e1000 0000:00:08.0 eth1: (PCI:33MHz:32-bit) 08:00:27:06:bc:00
[    5.047062] e1000 0000:00:08.0 eth1: Intel(R) PRO/1000 Network Connection
[    5.049957] e1000 0000:00:08.0 enp0s8: renamed from eth1
[    5.067042] e1000 0000:00:03.0 enp0s3: renamed from eth0
Begin: Loading essential drivers ... [    6.644479] raid6: sse2x1   gen()  5946 MB/s
[    6.692152] raid6: sse2x1   xor()  4013 MB/s
[    6.740241] raid6: sse2x2   gen()  8665 MB/s
[    6.788306] raid6: sse2x2   xor()  6634 MB/s
[    6.836365] raid6: sse2x4   gen() 10390 MB/s
[    6.884145] raid6: sse2x4   xor()  5336 MB/s
[    6.885210] raid6: using algorithm sse2x4 gen() 10390 MB/s
[    6.886441] raid6: .... xor() 5336 MB/s, rmw enabled
[    6.887569] raid6: using ssse3x2 recovery algorithm
[    6.890578] xor: automatically using best checksumming function   avx       
[    6.893511] async_tx: api initialized (async)
done.
Begin: Running /scripts/init-premount ... done.
Begin: Mounting root file system ... Begin: Running /scripts/local-top ... done.
Begin: Running /scripts/local-premount ... [    6.951295] Btrfs loaded, crc32c=crc32c-intel
Scanning for Btrfs filesystems
done.
Warning: fsck not present, so skipping root file system
[    6.986625] EXT4-fs (sda1): mounted filesystem with ordered data mode. Opts: (null)
done.
Begin: Running /scripts/local-bottom ... done.
Begin: Running /scripts/init-bottom ... done.
[    7.177340] ip_tables: (C) 2000-2006 Netfilter Core Team
[    7.190019] systemd[1]: systemd 237 running in system mode. (+PAM +AUDIT +SELINUX +IMA +APPARMOR +SMACK +SYSVINIT +UTMP +LIBCRYPTSETUP +GCRYPT +GNUTLS +ACL +XZ +LZ4 +SECCOMP +BLKID +ELFUTILS +KMOD -IDN2 +IDN -PCRE2 default-hierarchy=hybrid)
[    7.194976] systemd[1]: Detected virtualization oracle.
[    7.196242] systemd[1]: Detected architecture x86-64.

Welcome to [1mUbuntu 18.04.6 LTS[0m!

[    7.203857] systemd[1]: Set hostname to <ubuntu>.
[    7.208270] random: systemd: uninitialized urandom read (16 bytes read)
[    7.209830] systemd[1]: Initializing machine ID from random generator.
[    7.211624] systemd[1]: Installed transient /etc/machine-id file.
[    7.454084] random: systemd: uninitialized urandom read (16 bytes read)
[    7.455844] systemd[1]: Started Forward Password Requests to Wall Directory Watch.
[[0;32m  OK  [0m] Started Forward Password Requests to Wall Directory Watch.
[    7.459327] random: systemd: uninitialized urandom read (16 bytes read)
[    7.461374] systemd[1]: Set up automount Arbitrary Executable File Formats File System Automount Point.
[[0;32m  OK  [0m] Set up automount Arbitrary Executab…rmats File System Automount Point.
[    7.467097] systemd[1]: Created slice System Slice.
[[0;32m  OK  [0m] Created slice System Slice.
[    7.469068] systemd[1]: Listening on LVM2 poll daemon socket.
[[0;32m  OK  [0m] Listening on LVM2 poll daemon socket.
[[0;32m  OK  [0m] Created slice system-serial\x2dgetty.slice.
[[0;32m  OK  [0m] Listening on LVM2 metadata daemon socket.
[[0;32m  OK  [0m] Listening on Journal Socket.
         Mounting POSIX Message Queue File System...
[[0;32m  OK  [0m] Listening on Syslog Socket.
[[0;32m  OK  [0m] Listening on /dev/initctl Compatibility Named Pipe.
[[0;32m  OK  [0m] Reached target System Time Synchronized.
[[0;32m  OK  [0m] Reached target Mounting snaps.
[[0;32m  OK  [0m] Reached target Mounted snaps.
         Starting Create list of required st…ce nodes for the current kernel...
         Starting Load Kernel Modules...
[[0;32m  OK  [0m] Listening on Device-mapper event daemon FIFOs.
         Starting Monitoring of LVM2 mirrors…ng dmeventd or progress polling...
         Mounting Huge Pages File System...
[[0;32m  OK  [0m] Created slice User and Session Slice.
[[0;32m  OK  [0m] Listening on fsck to fsckd communication Socket.
         Starting Uncomplicated firewall...
[[0;32m  OK  [0m] Listening on Network Service Netlink Socket.
         Starting Set the console keyboard layout...
[[0;32m  OK  [0m] Reached target Swap.
[[0;32m  OK  [0m] Reached target User and Group Name Lookups.
[[0;32m  OK  [0m] Reached target Slices.
         Mounting Kernel Debug File System...
[[0;32m  OK  [0m] Listening on udev Kernel Socket.
[[0;32m  OK  [0m] Listening on Journal Socket (/dev/log).
[[0;32m  OK  [0m] Listening on udev Control Socket.
[    7.563801] Loading iSCSI transport class v2.0-870.
[    7.571667] iscsi: registered transport (tcp)
         Starting udev Coldplug all Devices...
         Starting File System Check on Root Device...
[[0;32m  OK  [0m] Listening on Journal Audit Socket.
         Starting Journal Service...
[[0;32m  OK  [0m] Mounted POSIX Message Queue File System.
[[0;32m  OK  [0m] Started Create list of required sta…vice nodes for the current kernel.
[[0;32m  OK  [0m] Mounted Huge Pages File System.
[[0;32m  OK  [0m] Started Uncomplicated firewall.
[[0;32m  OK  [0m] Mounted Kernel Debug File System.
[[0;32m  OK  [0m] Started LVM2 metadata daemon.
         Starting Create Static Device Nodes in /dev...
[[0;32m  OK  [0m] Started File System Check Daemon to report status.
[[0;32m  OK  [0m] Started udev Coldplug all Devices.
[[0;32m  OK  [0m[    7.660101] iscsi: registered transport (iser)
] Started Journal Service.
[[0;32m  OK  [0m] Started Load Kernel Modules.
[[0;32m  OK  [0m] Started File System Check on Root Device.
         Starting Remount Root and Kernel File Systems...
         Mounting Kernel Configuration File System...
         Mounting FUSE Control File System...
         Starting Apply Kernel Variables...
[[0;32m  OK  [0m] Mounted Kernel Configuration File System.
[[0;32m  OK  [0m] Mounted FUSE Control File System.
[[0;32m  OK  [0m] Started Create Static Device Nodes in /dev.
[[0;32m  OK  [0m] Started Monitoring of LVM2 mirrors,…sing dmeventd or progress polling.
[[0;32m  OK  [0m] Started Remount Root and Kernel File Systems.
         Starting Load/Save Random Seed...
         Starting Flush Journal to Persistent Storage...
         Starting udev Kernel Device Manager...
[[0;32m  OK  [0m] Started Apply Kernel Variables.
[[0;32m  OK  [0m] Started Load/Save Random Seed.
[[0;32m  OK  [0m] Started udev Kernel Device Manager.
[[0;32m  OK  [0m] Started Flush Journal to Persistent Storage.
[[0;32m  OK  [0m] Found device /dev/ttyS0.
[[0;32m  OK  [0m] Listening on Load/Save RF Kill Switch Status /dev/rfkill Watch.
         Mounting Arbitrary Executable File Formats File System...
[[0;32m  OK  [0m] Mounted Arbitrary Executable File Formats File System.
[[0;32m  OK  [0m] Started Set the console keyboard layout.
[[0;32m  OK  [0m] Reached target Local File Systems (Pre).
[[0;32m  OK  [0m] Reached target Local File Systems.
         Starting Set console font and keymap...
         Starting Tell Plymouth To Write Out Runtime Data...
         Starting ebtables ruleset management...
         Starting AppArmor initialization...
         Starting Commit a transient machine-id on disk...
         Starting Create Volatile Files and Directories...
[[0;32m  OK  [0m] Started Dispatch Password Requests to Console Directory Watch.
[[0;32m  OK  [0m] Reached target Local Encrypted Volumes.
[[0;32m  OK  [0m] Started Tell Plymouth To Write Out Runtime Data.
[[0;32m  OK  [0m] Started Create Volatile Files and Directories.
         Starting Update UTMP about System Boot/Shutdown...
[[0;32m  OK  [0m] Started Update UTMP about System Boot/Shutdown.
[[0;32m  OK  [0m] Started Commit a transient machine-id on disk.
[[0;32m  OK  [0m] Started ebtables ruleset management.
[[0;32m  OK  [0m] Started AppArmor initialization.
         Starting Load AppArmor profiles managed internally by snapd...
         Starting Initial cloud-init job (pre-networking)...
[[0;32m  OK  [0m] Started Load AppArmor profiles managed internally by snapd.
[[0;32m  OK  [0m] Started Set console font and keymap.
[   15.732002] cloud-init[807]: Cloud-init v. 23.1.2-0ubuntu0~18.04.1 running 'init-local' at Sat, 06 Jan 2024 17:27:05 +0000. Up 15.31 seconds.
[[0;32m  OK  [0m] Started Initial cloud-init job (pre-networking).
[[0;32m  OK  [0m] Reached target Network (Pre).
         Starting Network Service...
[[0;32m  OK  [0m] Started Network Service.
         Starting Network Name Resolution...
         Starting Wait for Network to be Configured...
[[0;32m  OK  [0m] Started Network Name Resolution.
[[0;32m  OK  [0m] Reached target Host and Network Name Lookups.
[[0;32m  OK  [0m] Reached target Network.
[[0;32m  OK  [0m] Started Wait for Network to be Configured.
         Starting Initial cloud-init job (metadata service crawler)...
[   18.465347] cloud-init[935]: Cloud-init v. 23.1.2-0ubuntu0~18.04.1 running 'init' at Sat, 06 Jan 2024 17:27:08 +0000. Up 18.25 seconds.
[   18.469185] cloud-init[935]: ci-info: ++++++++++++++++++++++++++++++++++++++Net device info+++++++++++++++++++++++++++++++++++++++
[   18.471915] cloud-init[935]: ci-info: +--------+-------+----------------------------+---------------+--------+-------------------+
[   18.474204] cloud-init[935]: ci-info: | Device |   Up  |          Address           |      Mask     | Scope  |     Hw-Address    |
[   18.476583] cloud-init[935]: ci-info: +--------+-------+----------------------------+---------------+--------+-------------------+
[   18.478750] cloud-init[935]: ci-info: | enp0s3 |  True |         10.0.2.15          | 255.255.255.0 | global | 02:3b:7b:b7:3b:2d |
[   18.480812] cloud-init[935]: ci-info: | enp0s3 |  True | fe80::3b:7bff:feb7:3b2d/64 |       .       |  link  | 02:3b:7b:b7:3b:2d |
[   18.482871] cloud-init[935]: ci-info: | enp0s8 | False |             .              |       .       |   .    | 08:00:27:06:bc:00 |
[   18.485132] cloud-init[935]: ci-info: |   lo   |  True |         127.0.0.1          |   255.0.0.0   |  host  |         .         |
[   18.487293] cloud-init[935]: ci-info: |   lo   |  True |          ::1/128           |       .       |  host  |         .         |
[   18.489429] cloud-init[935]: ci-info: +--------+-------+----------------------------+---------------+--------+-------------------+
[   18.491508] cloud-init[935]: ci-info: ++++++++++++++++++++++++++++Route IPv4 info+++++++++++++++++++++++++++++
[   18.493418] cloud-init[935]: ci-info: +-------+-------------+----------+-----------------+-----------+-------+
[   18.495413] cloud-init[935]: ci-info: | Route | Destination | Gateway  |     Genmask     | Interface | Flags |
[   18.497275] cloud-init[935]: ci-info: +-------+-------------+----------+-----------------+-----------+-------+
[   18.499151] cloud-init[935]: ci-info: |   0   |   0.0.0.0   | 10.0.2.2 |     0.0.0.0     |   enp0s3  |   UG  |
[   18.501058] cloud-init[935]: ci-info: |   1   |   10.0.2.0  | 0.0.0.0  |  255.255.255.0  |   enp0s3  |   U   |
[   18.503066] cloud-init[935]: ci-info: |   2   |   10.0.2.2  | 0.0.0.0  | 255.255.255.255 |   enp0s3  |   UH  |
[   18.505070] cloud-init[935]: ci-info: +-------+-------------+----------+-----------------+-----------+-------+
[   18.506945] cloud-init[935]: ci-info: +++++++++++++++++++Route IPv6 info+++++++++++++++++++
[   18.508580] cloud-init[935]: ci-info: +-------+-------------+---------+-----------+-------+
[   18.510157] cloud-init[935]: ci-info: | Route | Destination | Gateway | Interface | Flags |
[   18.511821] cloud-init[935]: ci-info: +-------+-------------+---------+-----------+-------+
[   18.513583] cloud-init[935]: ci-info: |   1   |  fe80::/64  |    ::   |   enp0s3  |   U   |
[   18.515263] cloud-init[935]: ci-info: |   3   |    local    |    ::   |   enp0s3  |   U   |
[   18.516971] cloud-init[935]: ci-info: |   4   |   ff00::/8  |    ::   |   enp0s3  |   U   |
[   18.518634] cloud-init[935]: ci-info: +-------+-------------+---------+-----------+-------+
[   19.507356] cloud-init[935]: Generating public/private rsa key pair.
[   19.509045] cloud-init[935]: Your identification has been saved in /etc/ssh/ssh_host_rsa_key.
[   19.511003] cloud-init[935]: Your public key has been saved in /etc/ssh/ssh_host_rsa_key.pub.
[   19.512667] cloud-init[935]: The key fingerprint is:
[   19.514187] cloud-init[935]: SHA256:3k+74JXCYxwo2LNvLiMfZpLawWaFVrVUGL3dsEpaACI root@ubuntu-bionic
[   19.528663] cloud-init[935]: The key's randomart image is:
[   19.530040] cloud-init[935]: +---[RSA 2048]----+
[   19.531187] cloud-init[935]: |  E . ..+=.      |
[   19.532663] cloud-init[935]: |   . . oo.. .    |
[   19.533958] cloud-init[935]: |      . .. o +   |
[   19.535307] cloud-init[935]: |     =   .+ o .  |
[   19.536606] cloud-init[935]: |    + = S+..     |
[   19.537907] cloud-init[935]: |   o o =.+.. .   |
[   19.539176] cloud-init[935]: |    B = . O +    |
[   19.540316] cloud-init[935]: |   =.=oo.o B .   |
[   19.541553] cloud-init[935]: |  . .o.=o . +.   |
[   19.542847] cloud-init[935]: +----[SHA256]-----+
[   19.543995] cloud-init[935]: Generating public/private dsa key pair.
[   19.545792] cloud-init[935]: Your identification has been saved in /etc/ssh/ssh_host_dsa_key.
[   19.547805] cloud-init[935]: Your public key has been saved in /etc/ssh/ssh_host_dsa_key.pub.
[   19.549495] cloud-init[935]: The key fingerprint is:
[   19.550905] cloud-init[935]: SHA256:hD+mitVoLCDS846OPOESk0TBNTql3GP2NpKURVr09zk root@ubuntu-bionic
[   19.553023] cloud-init[935]: The key's randomart image is:
[   19.554427] cloud-init[935]: +---[DSA 1024]----+
[   19.555483] cloud-init[935]: |..o+o=           |
[   19.556573] cloud-init[935]: |.o= * ..         |
[   19.557736] cloud-init[935]: |.= O  ....       |
[   19.558809] cloud-init[935]: | o= +  o. . .    |
[   19.559842] cloud-init[935]: |=.oo +  S  E     |
[   19.560970] cloud-init[935]: |*o +oo.o .  .    |
[   19.562210] cloud-init[935]: |.oo * o          |
[   19.563528] cloud-init[935]: |o+ B .           |
[   19.564798] cloud-init[935]: |oo= o            |
[   19.566096] cloud-init[935]: +----[SHA256]-----+
[   19.567384] cloud-init[935]: Generating public/private ecdsa key pair.
[   19.569170] cloud-init[935]: Your identification has been saved in /etc/ssh/ssh_host_ecdsa_key.
[[0;32m  OK  [0m] Started Initial cloud-init job (metadata service crawler).
[[0;32m  OK  [0m] Reached target Network is Online.
[   19.571277] cloud-init[935]: Your public key has been saved in /etc/ssh/ssh_host_ecdsa_key.pub.         
Starting Availability of block devices...
[[0;32m  OK  [0m] Reached target Remote File Systems (Pre).
[[0;32m  OK  [0m] Reached target Remote File Systems.
[[0;32m  OK  [0m] Reached target System Initialization.
         Starting Socket activation for snappy daemon.
[   19.580899]          Starting LXD - unix socket.
[[0;32m  OK  [0m] Listening on ACPID Listen Socket.
[[0;32m  OK  [0m] Started Daily apt download activities.
[[0;32m  OK  [0m] Started Daily apt upgrade and clean activities.
[[0;32m  OK  [0m] Started Discard unused blocks once a week.
[[0;32m  OK  [0m] Listening on cloud-init hotplug hook socket.
[[0;32m  OK  [0m] Started Message of the Day.
cloud-init[935]: The key fingerprint is:
[[0;32m  OK  [0m] Listening on Open-iSCSI iscsid Socket.
[   19.588570] [[0;32m  OK  [0m] Started Ubuntu Advantage Timer for running repeated jobs.
[[0;32m  OK  [0m] Listening on D-Bus System Message Bus Socket.
[[0;32m  OK  [0m] Listening on UUID daemon activation socket.
cloud-init[935]: [[0;32m  OK  [0m] Started ACPI Events Check.
[[0;32m  OK  [0m] Reached target Paths.
[[0;32m  OK  [0m] Started Daily Cleanup of Temporary Directories.
[[0;32m  OK  [0m] Reached target Timers.
[[0;32m  OK  [0m] Reached target Cloud-config availability.
[[0;32m  OK  [0m] Listening on Socket activation for snappy daemon.
[[0;32m  OK  [0m] Listening on LXD - unix socket.
[[0;32m  OK  [0m] Reached target Sockets.
[[0;32m  OK  [0m] Reached target Basic System.
[[0;32m  OK  [0m] Started Deferred execution scheduler.
SHA256:sfT4hqrNx/yzZgSpy8PyPSTcwZsLml48k2+VWey3LfY root@ubuntu-bionic
         Starting Pollinate to seed the pseudo random number generator...
[[0;32m  OK  [0m] Reached target Login Prompts (Pre).
         Starting Permit User Sessions...
         Starting LXD - container startup/shutdown...
[   19.623194] cloud-init         Starting Login Service...
[935]: The key's randomart image is:
[   19.630663] cloud-init[935]: +---[ECDSA 256]---+
[   19.631833] cloud-init[935]: |                 |
[   19.632783] cloud-init[935]: |                 |
[   19.633847] cloud-init[935]: |       .o. .     |
[   19.637955] cloud-init[935]: |       .==  o    |
[   19.642435] cloud-init[935]: |     . oS=.=     |
[   19.643637] cloud-init[935]: |     .=.=o= . .  |
[   19.649641] cloud-init[935]: |     =*B.+o  . o |
[   19.650838] cloud-init[935]: |    ++=*B.+   + .|
[   19.653539] cloud-init[935]: |   .o+=+o=oo . oE|
[   19.655975] cloud-init[935]: +----[SHA256]-----+
[   19.657263] cloud-init[935]: Generating public/private ed25519 key pair.
[   19.659145] cloud-init[935]: Your identification has been saved in /etc/ssh/ssh_host_ed25519_key.
[   19.661044] cloud-init[935]: Your public key has been saved in /etc/ssh/ssh_host_ed25519_key.pub.
[   19.662885] cloud-init[935]: The key fingerprint is:
[   19.664045] cloud-init[935]: SHA256:k4ad8KaB8H8RI20m9Ht2CnD9i2Sgc0f9X5sT2Vk4kq0 root@ubuntu-bionic
[   19.666261] cloud-init[935]: The key's randomart image is:
[   19.667629] cloud-init[935]: +--[ED25519 256]--+
[   19.668890] cloud-init[935]: |      .          |
[   19.670124] cloud-init[935]: |     . o . . o . |
[   19.671262] cloud-init[935]: |  .   = X o + + .|
[   19.672514] cloud-init[935]: |   o . & O . + .=|
[   19.673561] cloud-init[935]: |    o = S * E .+o|
[   19.674600] cloud-init[935]: |     . B X + . .=|
[   19.675794] cloud-init[935]: |      o . o .  +.|
[   19.676841] cloud-init[935]: |       .        .|
[   19.678446] cloud-init[935]: |                 |
[   19.679513] cloud-init[935]: +----[SHA256]-----+
[[0;32m  OK  [0m] Started irqbalance daemon.
[[0;32m  OK  [0m] Started Regular background program processing daemon.
         Starting Virtualbox guest utils...
         Starting LSB: automatic crash report generation...
[[0;32m  OK  [0m] Started D-Bus System Message Bus.
[[0;32m  OK  [0m] Started Login Service.
[[0;32m  OK  [0m] Started Unattended Upgrades Shutdown.
         Starting LSB: Record successful boot for GRUB...
[[0;32m  OK  [0m] Started FUSE filesystem for LXC.
         Starting Dispatcher daemon for systemd-networkd...
         Starting Accounts Service...
         Starting System Logging Service...
         Starting Snap Daemon...
[[0;32m  OK  [0m] Started System Logging Service.
[[0;32m  OK  [0m] Started Availability of block devices.
[[0;32m  OK  [0m] Started Permit User Sessions.
[[0;32m  OK  [0m] Started LXD - container startup/shutdown.
         Starting Hold until boot process finishes up...
         Starting Terminate Plymouth Boot Screen...
[[0;32m  OK  [0m] Started Hold until boot process finishes up.
[[0;32m  OK  [0m] Started LSB: automatic crash report generation.
[[0;32m  OK  [0m] Started Terminate Plymouth Boot Screen.
         Starting Authorization Manager...
         Starting Set console scheme...
[[0;32m  OK  [0m] Started Serial Getty on ttyS0.
[[0;32m  OK  [0m] Started Set console scheme.
[[0;32m  OK  [0m] Created slice system-getty.slice.
[[0;32m  OK  [0m] Started Getty on tty1.
[[0;32m  OK  [0m] Reached target Login Prompts.
[[0;32m  OK  [0m] Started LSB: Record successful boot for GRUB.
[[0;32m  OK  [0m] Started Authorization Manager.
[[0;32m  OK  [0m] Started Accounts Service.
[[0;32m  OK  [0m] Started Virtualbox guest utils.
[[0;32m  OK  [0m] Started Dispatcher daemon for systemd-networkd.
[[0;32m  OK  [0m] Started Snap Daemon.
         Starting Wait until snapd is fully seeded...
[[0;32m  OK  [0m] Started Pollinate to seed the pseudo random number generator.
         Starting OpenBSD Secure Shell server...
[[0;32m  OK  [0m] Started OpenBSD Secure Shell server.
[[0;32m  OK  [0m] Created slice User Slice of vagrant.
         Starting User Manager for UID 1000...
[[0;32m  OK  [0m] Started Session 1 of user vagrant.
[[0;32m  OK  [0m] Started User Manager for UID 1000.
         Starting Time & Date Service...
[[0;32m  OK  [0m] Started Time & Date Service.
[[0;32m  OK  [0m] Started Wait until snapd is fully seeded.
         Starting Apply the settings specified in cloud-config...
[   24.626157] cloud-init[1621]: Cloud-init v. 23.1.2-0ubuntu0~18.04.1 running 'modules:config' at Sat, 06 Jan 2024 17:27:14 +0000. Up 24.13 seconds.
[[0;32m  OK  [0m] Started Apply the settings specified in cloud-config.
[[0;32m  OK  [0m] Reached target Multi-User System.
[[0;32m  OK  [0m] Reached target Graphical Interface.
         Starting Update UTMP about System Runlevel Changes...
         Starting Execute cloud user/final scripts...
[[0;32m  OK  [0m] Started Update UTMP about System Runlevel Changes.
ci-info: no authorized SSH keys fingerprints found for user ubuntu.
<14>Jan  6 17:27:16 cloud-init: #############################################################
<14>Jan  6 17:27:16 cloud-init: -----BEGIN SSH HOST KEY FINGERPRINTS-----
<14>Jan  6 17:27:16 cloud-init: 1024 SHA256:hD+mitVoLCDS846OPOESk0TBNTql3GP2NpKURVr09zk root@ubuntu-bionic (DSA)
<14>Jan  6 17:27:16 cloud-init: 256 SHA256:sfT4hqrNx/yzZgSpy8PyPSTcwZsLml48k2+VWey3LfY root@ubuntu-bionic (ECDSA)
<14>Jan  6 17:27:16 cloud-init: 256 SHA256:k4ad8KaB8H8RI20m9Ht2CnD9i2Sgc0f9X5sT2Vk4kq0 root@ubuntu-bionic (ED25519)
<14>Jan  6 17:27:16 cloud-init: 2048 SHA256:3k+74JXCYxwo2LNvLiMfZpLawWaFVrVUGL3dsEpaACI root@ubuntu-bionic (RSA)
<14>Jan  6 17:27:16 cloud-init: -----END SSH HOST KEY FINGERPRINTS-----
<14>Jan  6 17:27:16 cloud-init: #############################################################
-----BEGIN SSH HOST KEY KEYS-----
ecdsa-sha2-nistp256 AAAAE2VjZHNhLXNoYTItbmlzdHAyNTYAAAAIbmlzdHAyNTYAAABBBLFN20PQc32f6uKqqMDDsa2oFoD7/DFdbhFtVY459ZQRPGBrle76T6cR4U2DSAJJAhnj9KBa5tuXvEjUWgSODgg= root@ubuntu-bionic
ssh-ed25519 AAAAC3NzaC1lZDI1NTE5AAAAIJH7RDtub4D5TsTgS95X67rJOoQlBplKzhu4LjVPKPds root@ubuntu-bionic
ssh-rsa AAAAB3NzaC1yc2EAAAADAQABAAABAQDRPSMlsYFN3SMiaMoeNd5T9QecFzPbgSMCQC/pjvbI5LonMQdTuSj+2QHcPA/aUC3Jo9oeD4NGZVG+BW/WxQ8MSxWgePdx9IWQnZDZWRWt1qDpsa0oFrR5pb3kRB5ui3HypqynFFWm1loSUGhWktfCssDJ0HdKsMe6pV+SI8M2SHcSzgh4+DM5XAHrQQ41yqj/leXyEBLVl8/6gB075fDg3yB529jg9W0G2ytT0xmXGQvv9E1PaNaX4qj46OWIMrARILH1XjQANPvbLUDxo+YarFQIs2O14n11UBrdcQpTbx+JCxjipDXlENANEfO/uqW6MwrpuaWAci1HK1R7U5rH root@ubuntu-bionic
-----END SSH HOST KEY KEYS-----
[   25.544749] cloud-init[1782]: Cloud-init v. 23.1.2-0ubuntu0~18.04.1 running 'modules:final' at Sat, 06 Jan 2024 17:27:15 +0000. Up 25.29 seconds.
[   25.547176] cloud-init[1782]: Cloud-init v. 23.1.2-0ubuntu0~18.04.1 finished at Sat, 06 Jan 2024 17:27:16 +0000. Datasource DataSourceNoCloud [seed=/dev/sdb][dsmode=net].  Up 25.53 seconds

Ubuntu 18.04.6 LTS ubuntu-bionic ttyS0

ubuntu-bionic login: [[0;32m  OK  [0m] Stopped Unattended Upgrades Shutdown.
         Stopping Availability of block devices...
         Stopping Authorization Manager...
         Stopping Session 26 of user vagrant.
[[0;32m  OK  [0m] Closed Load/Save RF Kill Switch Status /dev/rfkill Watch.
[[0;32m  OK  [0m] Stopped target Cloud-init target.
[[0;32m  OK  [0m] Stopped target Graphical Interface.
         Stopping User Manager for UID 1000...
         Stopping Accounts Service...
[[0;32m  OK  [0m] Stopped Execute cloud user/final scripts.
[[0;32m  OK  [0m] Stopped Apply the settings specified in cloud-config.
[[0;32m  OK  [0m] Stopped target Cloud-config availability.
[[0;32m  OK  [0m] Stopped target Multi-User System.
         Stopping Regular background program processing daemon...
         Stopping LSB: Record successful boot for GRUB...
         Stopping FUSE filesystem for LXC...
         Stopping irqbalance daemon...
         Stopping Virtualbox guest utils...
[[0;32m  OK  [0m] Stopped Wait until snapd is fully seeded.
         Stopping D-Bus System Message Bus...
[[0;32m  OK  [0m] Stopped target Login Prompts.
         Stopping Serial Getty on ttyS0...
         Stopping System Logging Service...
         Stopping OpenBSD Secure Shell server...
         Stopping Dispatcher daemon for systemd-networkd...
         Stopping LXD - container startup/shutdown...
         Stopping LSB: automatic crash report generation...
         Stopping The Apache HTTP Server...
         Stopping Deferred execution scheduler...
[[0;32m  OK  [0m] Stopped target Timers.
[[0;32m  OK  [0m] Stopped Discard unused blocks once a week.
[[0;32m  OK  [0m] Stopped Daily apt upgrade and clean activities.
[[0;32m  OK  [0m] Stopped Daily apt download activities.
[[0;32m  OK  [0m] Stopped Ubuntu Advantage Timer for running repeated jobs.
[[0;32m  OK  [0m] Stopped Message of the Day.
[[0;32m  OK  [0m] Stopped target System Time Synchronized.
         Stopping Getty on tty1...
[[0;32m  OK  [0m] Stopped Daily Cleanup of Temporary Directories.
[[0;32m  OK  [0m] Unmounted /var/lib/lxcfs.
[[0;32m  OK  [0m] Stopped Deferred execution scheduler.
[[0;32m  OK  [0m] Stopped irqbalance daemon.
[[0;32m  OK  [0m] Stopped Dispatcher daemon for systemd-networkd.
[[0;32m  OK  [0m] Stopped Accounts Service.
[[0;32m  OK  [0m] Stopped Regular background program processing daemon.
[[0;32m  OK  [0m] Stopped System Logging Service.
[[0;32m  OK  [0m] Stopped Authorization Manager.
[[0;32m  OK  [0m] Stopped Serial Getty on ttyS0.
[[0;32m  OK  [0m] Stopped Getty on tty1.
[[0;32m  OK  [0m] Stopped OpenBSD Secure Shell server.
[[0;32m  OK  [0m] Stopped User Manager for UID 1000.
[[0;32m  OK  [0m] Stopped D-Bus System Message Bus.
[[0;32m  OK  [0m] Stopped FUSE filesystem for LXC.
[[0;32m  OK  [0m] Stopped Session 26 of user vagrant.
[[0;32m  OK  [0m] Removed slice User Slice of vagrant.
         Stopping Login Service...
[[0;32m  OK  [0m] Removed slice system-getty.slice.
         Stopping Permit User Sessions...
[[0;32m  OK  [0m] Removed slice system-serial\x2dgetty.slice.
[[0;32m  OK  [0m] Stopped target Login Prompts (Pre).
[[0;32m  OK  [0m] Stopped LSB: Record successful boot for GRUB.
[[0;32m  OK  [0m] Stopped LXD - container startup/shutdown.
[[0;32m  OK  [0m] Stopped Permit User Sessions.
[[0;32m  OK  [0m] Stopped Availability of block devices.
[[0;32m  OK  [0m] Stopped LSB: automatic crash report generation.
[[0;32m  OK  [0m] Stopped Virtualbox guest utils.
[[0;32m  OK  [0m] Stopped The Apache HTTP Server.
[[0;32m  OK  [0m] Stopped target Host and Network Name Lookups.
[[0;32m  OK  [0m] Stopped target Remote File Systems.
         Unmounting /vagrant...
[[0;32m  OK  [0m] Stopped Login Service.
[[0;32m  OK  [0m] Stopped target Basic System.
[[0;32m  OK  [0m] Stopped target Sockets.
[[0;32m  OK  [0m] Closed Syslog Socket.
[[0;32m  OK  [0m] Closed LXD - unix socket.
[[0;32m  OK  [0m] Closed ACPID Listen Socket.
[[0;32m  OK  [0m] Closed Open-iSCSI iscsid Socket.
[[0;32m  OK  [0m] Closed D-Bus System Message Bus Socket.
[[0;32m  OK  [0m] Closed Socket activation for snappy daemon.
[[0;32m  OK  [0m] Closed UUID daemon activation socket.
[[0;32m  OK  [0m] Closed cloud-init hotplug hook socket.
[[0;32m  OK  [0m] Stopped target Paths.
[[0;32m  OK  [0m] Stopped ACPI Events Check.
[[0;32m  OK  [0m] Stopped target Slices.
[[0;32m  OK  [0m] Removed slice User and Session Slice.
[[0;32m  OK  [0m] Stopped target System Initialization.
         Stopping Update UTMP about System Boot/Shutdown...
         Stopping Load/Save Random Seed...
[[0;32m  OK  [0m] Stopped Commit a transient machine-id on disk.
[[0;32m  OK  [0m] Stopped target Local Encrypted Volumes.
[[0;32m  OK  [0m] Stopped Forward Password Requests to Wall Directory Watch.
[[0;32m  OK  [0m] Stopped Dispatch Password Requests to Console Directory Watch.
[[0;32m  OK  [0m] Stopped target User and Group Name Lookups.
[[0;32m  OK  [0m] Unmounted /vagrant.
[[0;32m  OK  [0m] Stopped Load/Save Random Seed.
[[0;32m  OK  [0m] Stopped target Remote File Systems (Pre).
[[0;32m  OK  [0m] Stopped target Network is Online.
[[0;32m  OK  [0m] Stopped Initial cloud-init job (metadata service crawler).
[[0;32m  OK  [0m] Stopped target Network.
         Stopping Network Name Resolution...
[[0;32m  OK  [0m] Stopped Update UTMP about System Boot/Shutdown.
[[0;32m  OK  [0m] Stopped Network Name Resolution.
[[0;32m  OK  [0m] Stopped Create Volatile Files and Directories.
[[0;32m  OK  [0m] Stopped target Local File Systems.
         Unmounting /run/user/1000...
[[0;32m  OK  [0m] Stopped target Mounted snaps.
[[0;32m  OK  [0m] Stopped target Mounting snaps.
         Stopping Network Service...
[[0;32m  OK  [0m] Unmounted /run/user/1000.
[[0;32m  OK  [0m] Reached target Unmount All Filesystems.
[[0;32m  OK  [0m] Stopped target Swap.
[[0;32m  OK  [0m] Stopped target Local File Systems (Pre).
[[0;32m  OK  [0m] Stopped Create Static Device Nodes in /dev.
         Stopping Monitoring of LVM2 mirrors…ng dmeventd or progress polling...
[[0;32m  OK  [0m] Stopped Monitoring of LVM2 mirrors,…sing dmeventd or progress polling.
         Stopping LVM2 metadata daemon...
[[0;32m  OK  [0m] Stopped LVM2 metadata daemon.
[[0;32m  OK  [0m] Stopped Network Service.
[[0;32m  OK  [0m] Stopped target Network (Pre).
[[0;32m  OK  [0m] Stopped Initial cloud-init job (pre-networking).
[[0;32m  OK  [0m] Stopped Remount Root and Kernel File Systems.
[[0;32m  OK  [0m] Stopped Apply Kernel Variables.
[[0;32m  OK  [0m] Stopped Load Kernel Modules.
[[0;32m  OK  [0m] Reached target Shutdown.
[[0;32m  OK  [0m] Reached target Final Step.
         Starting Power-Off...
[12628.008077] reboot: Power down
